# JRE version: OpenJDK Runtime Environment (8.0_112-b06) (build 1.8.0_112-release-b06)
# Java VM: OpenJDK 64-Bit Server VM (25.112-b06 mixed mode windows-amd64 compressed oops)
Heap:
 PSYoungGen      total 481792K, used 370256K [0x00000000e0000000, 0x0000000100000000, 0x0000000100000000)
  eden space 441344K, 78% used [0x00000000e0000000,0x00000000f5072d10,0x00000000faf00000)
  from space 40448K, 63% used [0x00000000fd880000,0x00000000ff1a1508,0x0000000100000000)
  to   space 41472K, 0% used [0x00000000faf00000,0x00000000faf00000,0x00000000fd780000)
 ParOldGen       total 159744K, used 63623K [0x00000000a0000000, 0x00000000a9c00000, 0x00000000e0000000)
  object space 159744K, 39% used [0x00000000a0000000,0x00000000a3e21f38,0x00000000a9c00000)
 Metaspace       used 88848K, capacity 92678K, committed 93016K, reserved 1130496K
  class space    used 10885K, capacity 11555K, committed 11648K, reserved 1048576K
GC Heap History (10 events):
Event: 976.739 GC heap before
{Heap before GC invocations=23 (full 3):
 PSYoungGen      total 353792K, used 338223K [0x00000000e0000000, 0x00000000fc080000, 0x0000000100000000)
  eden space 321024K, 100% used [0x00000000e0000000,0x00000000f3980000,0x00000000f3980000)
  from space 32768K, 52% used [0x00000000f3980000,0x00000000f4a4bf88,0x00000000f5980000)
  to   space 31744K, 0% used [0x00000000fa180000,0x00000000fa180000,0x00000000fc080000)
 ParOldGen       total 159744K, used 53112K [0x00000000a0000000, 0x00000000a9c00000, 0x00000000e0000000)
  object space 159744K, 33% used [0x00000000a0000000,0x00000000a33de2c0,0x00000000a9c00000)
 Metaspace       used 78519K, capacity 82172K, committed 82520K, reserved 1122304K
  class space    used 9861K, capacity 10542K, committed 10624K, reserved 1048576K
Event: 976.778 GC heap after
Heap after GC invocations=23 (full 3):
 PSYoungGen      total 416256K, used 26720K [0x00000000e0000000, 0x00000000fbd80000, 0x0000000100000000)
  eden space 387584K, 0% used [0x00000000e0000000,0x00000000e0000000,0x00000000f7a80000)
  from space 28672K, 93% used [0x00000000fa180000,0x00000000fbb98310,0x00000000fbd80000)
  to   space 34304K, 0% used [0x00000000f7a80000,0x00000000f7a80000,0x00000000f9c00000)
 ParOldGen       total 159744K, used 53120K [0x00000000a0000000, 0x00000000a9c00000, 0x00000000e0000000)
  object space 159744K, 33% used [0x00000000a0000000,0x00000000a33e02c0,0x00000000a9c00000)
 Metaspace       used 78519K, capacity 82172K, committed 82520K, reserved 1122304K
  class space    used 9861K, capacity 10542K, committed 10624K, reserved 1048576K
}
Event: 980.616 GC heap before
{Heap before GC invocations=24 (full 3):
 PSYoungGen      total 416256K, used 413955K [0x00000000e0000000, 0x00000000fbd80000, 0x0000000100000000)
  eden space 387584K, 99% used [0x00000000e0000000,0x00000000f7a289e0,0x00000000f7a80000)
  from space 28672K, 93% used [0x00000000fa180000,0x00000000fbb98310,0x00000000fbd80000)
  to   space 34304K, 0% used [0x00000000f7a80000,0x00000000f7a80000,0x00000000f9c00000)
 ParOldGen       total 159744K, used 53120K [0x00000000a0000000, 0x00000000a9c00000, 0x00000000e0000000)
  object space 159744K, 33% used [0x00000000a0000000,0x00000000a33e02c0,0x00000000a9c00000)
 Metaspace       used 82692K, capacity 86464K, committed 86744K, reserved 1124352K
  class space    used 10309K, capacity 10974K, committed 11008K, reserved 1048576K
Event: 980.655 GC heap after
Heap after GC invocations=24 (full 3):
 PSYoungGen      total 421888K, used 30873K [0x00000000e0000000, 0x0000000100000000, 0x0000000100000000)
  eden space 387584K, 0% used [0x00000000e0000000,0x00000000e0000000,0x00000000f7a80000)
  from space 34304K, 90% used [0x00000000f7a80000,0x00000000f98a6698,0x00000000f9c00000)
  to   space 37888K, 0% used [0x00000000fdb00000,0x00000000fdb00000,0x0000000100000000)
 ParOldGen       total 159744K, used 54996K [0x00000000a0000000, 0x00000000a9c00000, 0x00000000e0000000)
  object space 159744K, 34% used [0x00000000a0000000,0x00000000a35b52d0,0x00000000a9c00000)
 Metaspace       used 82692K, capacity 86464K, committed 86744K, reserved 1124352K
  class space    used 10309K, capacity 10974K, committed 11008K, reserved 1048576K
}
Event: 980.999 GC heap before
{Heap before GC invocations=25 (full 3):
 PSYoungGen      total 421888K, used 418457K [0x00000000e0000000, 0x0000000100000000, 0x0000000100000000)
  eden space 387584K, 100% used [0x00000000e0000000,0x00000000f7a80000,0x00000000f7a80000)
  from space 34304K, 90% used [0x00000000f7a80000,0x00000000f98a6698,0x00000000f9c00000)
  to   space 37888K, 0% used [0x00000000fdb00000,0x00000000fdb00000,0x0000000100000000)
 ParOldGen       total 159744K, used 54996K [0x00000000a0000000, 0x00000000a9c00000, 0x00000000e0000000)
  object space 159744K, 34% used [0x00000000a0000000,0x00000000a35b52d0,0x00000000a9c00000)
 Metaspace       used 82774K, capacity 86528K, committed 86744K, reserved 1124352K
  class space    used 10313K, capacity 10974K, committed 11008K, reserved 1048576K
Event: 981.040 GC heap after
Heap after GC invocations=25 (full 3):
 PSYoungGen      total 486912K, used 21869K [0x00000000e0000000, 0x0000000100000000, 0x0000000100000000)
  eden space 449024K, 0% used [0x00000000e0000000,0x00000000e0000000,0x00000000fb680000)
  from space 37888K, 57% used [0x00000000fdb00000,0x00000000ff05b548,0x0000000100000000)
  to   space 37376K, 0% used [0x00000000fb680000,0x00000000fb680000,0x00000000fdb00000)
 ParOldGen       total 159744K, used 55004K [0x00000000a0000000, 0x00000000a9c00000, 0x00000000e0000000)
  object space 159744K, 34% used [0x00000000a0000000,0x00000000a35b72d0,0x00000000a9c00000)
 Metaspace       used 82774K, capacity 86528K, committed 86744K, reserved 1124352K
  class space    used 10313K, capacity 10974K, committed 11008K, reserved 1048576K
}
Event: 982.760 GC heap before
{Heap before GC invocations=26 (full 3):
 PSYoungGen      total 486912K, used 470893K [0x00000000e0000000, 0x0000000100000000, 0x0000000100000000)
  eden space 449024K, 100% used [0x00000000e0000000,0x00000000fb680000,0x00000000fb680000)
  from space 37888K, 57% used [0x00000000fdb00000,0x00000000ff05b548,0x0000000100000000)
  to   space 37376K, 0% used [0x00000000fb680000,0x00000000fb680000,0x00000000fdb00000)
 ParOldGen       total 159744K, used 55004K [0x00000000a0000000, 0x00000000a9c00000, 0x00000000e0000000)
  object space 159744K, 34% used [0x00000000a0000000,0x00000000a35b72d0,0x00000000a9c00000)
 Metaspace       used 82807K, capacity 86528K, committed 86744K, reserved 1124352K
  class space    used 10313K, capacity 10974K, committed 11008K, reserved 1048576K
Event: 982.992 GC heap after
Heap after GC invocations=26 (full 3):
 PSYoungGen      total 483840K, used 34637K [0x00000000e0000000, 0x0000000100000000, 0x0000000100000000)
  eden space 449024K, 0% used [0x00000000e0000000,0x00000000e0000000,0x00000000fb680000)
  from space 34816K, 99% used [0x00000000fb680000,0x00000000fd853620,0x00000000fd880000)
  to   space 40448K, 0% used [0x00000000fd880000,0x00000000fd880000,0x0000000100000000)
 ParOldGen       total 159744K, used 57368K [0x00000000a0000000, 0x00000000a9c00000, 0x00000000e0000000)
  object space 159744K, 35% used [0x00000000a0000000,0x00000000a3806350,0x00000000a9c00000)
 Metaspace       used 82807K, capacity 86528K, committed 86744K, reserved 1124352K
  class space    used 10313K, capacity 10974K, committed 11008K, reserved 1048576K
}
Event: 989.871 GC heap before
{Heap before GC invocations=27 (full 3):
 PSYoungGen      total 483840K, used 483661K [0x00000000e0000000, 0x0000000100000000, 0x0000000100000000)
  eden space 449024K, 100% used [0x00000000e0000000,0x00000000fb680000,0x00000000fb680000)
  from space 34816K, 99% used [0x00000000fb680000,0x00000000fd853620,0x00000000fd880000)
  to   space 40448K, 0% used [0x00000000fd880000,0x00000000fd880000,0x0000000100000000)
 ParOldGen       total 159744K, used 57368K [0x00000000a0000000, 0x00000000a9c00000, 0x00000000e0000000)
  object space 159744K, 35% used [0x00000000a0000000,0x00000000a3806350,0x00000000a9c00000)
 Metaspace       used 88184K, capacity 91976K, committed 92376K, reserved 1130496K
  class space    used 10778K, capacity 11442K, committed 11520K, reserved 1048576K
Event: 989.910 GC heap after
Heap after GC invocations=27 (full 3):
 PSYoungGen      total 481792K, used 25733K [0x00000000e0000000, 0x0000000100000000, 0x0000000100000000)
  eden space 441344K, 0% used [0x00000000e0000000,0x00000000e0000000,0x00000000faf00000)
  from space 40448K, 63% used [0x00000000fd880000,0x00000000ff1a1508,0x0000000100000000)
  to   space 41472K, 0% used [0x00000000faf00000,0x00000000faf00000,0x00000000fd780000)
 ParOldGen       total 159744K, used 63623K [0x00000000a0000000, 0x00000000a9c00000, 0x00000000e0000000)
  object space 159744K, 39% used [0x00000000a0000000,0x00000000a3e21f38,0x00000000a9c00000)
 Metaspace       used 88184K, capacity 91976K, committed 92376K, reserved 1130496K
  class space    used 10778K, capacity 11442K, committed 11520K, reserved 1048576K
}

